Redot Engine LTS v26.1.stable.official.a3e85316f (2026-01-29 02:31:42 UTC) - https://redotengine.org
OpenGL API 3.3.0 NVIDIA 470.256.02 - Compatibility - Using Device: NVIDIA - NVIDIA GeForce GT 710

[2026-03-06 10:40:01][INFO][utils] - Loaded resource res://Resources/Configurations/hexagon.tres
[2026-03-06 10:41:39][INFO][configuration_manager] - Loaded configuration: hexagon
[2026-03-06 10:41:39][INFO][utils] - Loaded resource res://Resources/Galleries/general.tres
[2026-03-06 10:41:39][INFO][gallery_config_manager] - Loaded gallery configuration: general
[2026-03-06 10:41:39][INFO][utils] - Loaded resource res://Resources/Entities/bookshell_general.tres
[2026-03-06 10:41:39][INFO][entity_config_manager] - Loaded entity configuration: bookshell_general
[2026-03-06 10:41:39][INFO][game_env] - New game session is set up as global env property
ERROR: Cannot open file 'res://Configurations/hexagon_config.tres'.
   at: load (scene/resources/resource_format_text.cpp:1389)
   GDScript backtrace (most recent call first):
       [0] init (res://Scripts/Managers/entity_manager.gd:10)
       [1] init (res://Scripts/game_session.gd:16)
       [2] start_new_game (res://Scripts/game_master.gd:20)
       [3] _ready (res://Scripts/game_master.gd:7)
ERROR: Failed loading resource: res://Configurations/hexagon_config.tres.
   at: _load (core/io/resource_loader.cpp:345)
   GDScript backtrace (most recent call first):
       [0] init (res://Scripts/Managers/entity_manager.gd:10)
       [1] init (res://Scripts/game_session.gd:16)
       [2] start_new_game (res://Scripts/game_master.gd:20)
       [3] _ready (res://Scripts/game_master.gd:7)
[2026-03-06 10:41:39][INFO][entity_manager] - Entity manager initialized
[2026-03-06 10:42:24][INFO][seed_manager] - Seed 994539782 for root/gallery_type_141661016 generated
[2026-03-06 10:42:24][INFO][seed_manager] - Seed 994539782 for root/gallery_type_141661016 generated
[2026-03-06 10:42:24][INFO][seed_manager] - Seed 2370612226 for root/gallery_4125486981 generated
[2026-03-06 10:42:24][INFO][seed_manager] - Seed 2600336738 for root/gallery_4125486981_entr generated
[2026-03-06 10:42:24][INFO][seed_manager] - Seed 1072666818 for root/gallery_4125486981SE generated
[2026-03-06 10:42:24][INFO][seed_manager] - Seed 839484418 for root/gallery_type_141661049 generated
[2026-03-06 10:42:24][INFO][seed_manager] - Seed 839484418 for root/gallery_type_141661049 generated
[2026-03-06 10:42:24][INFO][seed_manager] - Seed 313698690 for root/gallery_1784832134 generated
[2026-03-06 10:42:24][INFO][seed_manager] - Seed 180143842 for root/gallery_1784832134_entr generated
[2026-03-06 10:42:24][INFO][seed_manager] - Seed 138014414 for root/gallery_1784832134NW generated
[2026-03-06 10:42:24][INFO][seed_manager] - Seed 1205645614 for root/gallery_1784832134E generated
[2026-03-06 10:42:24][INFO][seed_manager] - Seed 1184238114 for root/gallery_1784832134W generated
[2026-03-06 10:42:24][INFO][seed_manager] - Seed 111516738 for root/gallery_1784832134SE generated
[2026-03-06 10:42:24][INFO][seed_manager] - Seed 158554050 for root/gallery_1784832134NE generated
[2026-03-06 10:42:24][INFO][seed_manager] - Seed 73652934 for root/gallery_1784832134SW generated
[2026-03-06 10:42:24][INFO][seed_manager] - Seed 726905742 for root/gallery_type_141661082 generated
[2026-03-06 10:42:24][INFO][seed_manager] - Seed 726905742 for root/gallery_type_141661082 generated
[2026-03-06 10:42:24][INFO][seed_manager] - Seed 1618408590 for root/gallery_3739144583 generated
[2026-03-06 10:42:24][INFO][seed_manager] - Seed 4005643550 for root/gallery_3739144583_entr generated
[2026-03-06 10:42:24][INFO][seed_manager] - Seed 3889831710 for root/gallery_3739144583W generated
[2026-03-06 10:42:24][INFO][seed_manager] - Seed 3868218466 for root/gallery_3739144583E generated
[2026-03-06 10:42:24][INFO][seed_manager] - Seed 2718651970 for root/gallery_3739144583NW generated
[2026-03-06 10:42:24][INFO][seed_manager] - Seed 2662439106 for root/gallery_3739144583SW generated
[2026-03-06 10:42:24][INFO][seed_manager] - Seed 4156500230 for root/gallery_type_141661115 generated
[2026-03-06 10:42:24][INFO][seed_manager] - Seed 4156500230 for root/gallery_type_141661115 generated
[2026-03-06 10:42:24][INFO][seed_manager] - Seed 3564833030 for root/gallery_1398489736 generated
[2026-03-06 10:42:24][INFO][seed_manager] - Seed 788714214 for root/gallery_1398489736_entr generated
[2026-03-06 10:42:24][INFO][seed_manager] - Seed 1231601314 for root/gallery_1398489736W generated
[2026-03-06 10:42:24][INFO][seed_manager] - Seed 2590752450 for root/gallery_1398489736NE generated
[2026-03-06 10:42:24][INFO][seed_manager] - Seed 2603480526 for root/gallery_1398489736NW generated
[2026-03-06 10:42:24][INFO][seed_manager] - Seed 3056994158 for root/gallery_1398489736E generated
[2026-03-06 10:42:24][INFO][seed_manager] - Seed 1855600066 for root/gallery_1398489736SW generated
[2026-03-06 10:42:24][INFO][seed_manager] - Seed 2999541378 for root/gallery_type_340707877 generated
[2026-03-06 10:42:24][INFO][seed_manager] - Seed 2999541378 for root/gallery_type_340707877 generated
[2026-03-06 10:42:24][INFO][seed_manager] - Seed 1592615598 for root/gallery_681945266 generated
[2026-03-06 10:42:24][INFO][seed_manager] - Seed 1666756894 for root/gallery_681945266_entr generated
[2026-03-06 10:42:24][INFO][seed_manager] - Seed 677840254 for root/gallery_681945266SE generated
[2026-03-06 10:42:24][INFO][seed_manager] - Seed 1053553698 for root/gallery_681945266NW generated
[2026-03-06 10:42:24][INFO][seed_manager] - Seed 1007766822 for root/gallery_681945266NE generated
[2026-03-06 10:42:24][INFO][seed_manager] - Seed 2185819650 for root/gallery_681945266E generated
[2026-03-06 10:42:24][INFO][seed_manager] - Seed 2198681886 for root/gallery_681945266W generated
[2026-03-06 10:42:24][INFO][seed_manager] - Seed 3406567298 for root/gallery_type_140475095 generated
[2026-03-06 10:42:24][INFO][seed_manager] - Seed 3406567298 for root/gallery_type_140475095 generated
[2026-03-06 10:42:24][INFO][seed_manager] - Seed 553476226 for root/gallery_2793858564 generated
[2026-03-06 10:42:24][INFO][seed_manager] - Seed 1205880546 for root/gallery_2793858564_entr generated
[2026-03-06 10:42:24][INFO][seed_manager] - Seed 1269070914 for root/gallery_2793858564SE generated
[2026-03-06 10:42:24][INFO][seed_manager] - Seed 1421836834 for root/gallery_2793858564W generated
[2026-03-06 10:42:24][INFO][seed_manager] - Seed 1207839682 for root/gallery_2793858564NE generated
[2026-03-06 10:42:24][INFO][seed_manager] - Seed 1094738638 for root/gallery_2793858564NW generated
[2026-03-06 10:42:24][INFO][seed_manager] - Seed 1466292590 for root/gallery_2793858564E generated
[2026-03-06 10:42:24][INFO][seed_manager] - Seed 204047362 for root/gallery_type_140475128 generated
[2026-03-06 10:42:24][INFO][seed_manager] - Seed 204047362 for root/gallery_type_140475128 generated
[2026-03-06 10:42:24][INFO][seed_manager] - Seed 4197868130 for root/gallery_453203717 generated
[2026-03-06 10:42:24][INFO][seed_manager] - Seed 3349758082 for root/gallery_453203717_entr generated
[2026-03-06 10:42:24][INFO][seed_manager] - Seed 1709319714 for root/gallery_453203717SE generated
[2026-03-06 10:42:24][INFO][seed_manager] - Seed 1992968318 for root/gallery_453203717W generated
[2026-03-06 10:42:24][INFO][seed_manager] - Seed 1730701606 for root/gallery_453203717SW generated
[2026-03-06 10:42:24][INFO][seed_manager] - Seed 2005665410 for root/gallery_453203717E generated
[2026-03-06 10:42:24][INFO][seed_manager] - Seed 366195598 for root/gallery_type_140475161 generated
[2026-03-06 10:42:24][INFO][seed_manager] - Seed 366195598 for root/gallery_type_140475161 generated
[2026-03-06 10:42:24][INFO][seed_manager] - Seed 792117054 for root/gallery_2407516166 generated
[2026-03-06 10:42:24][INFO][seed_manager] - Seed 1438406766 for root/gallery_2407516166_entr generated
[2026-03-06 10:42:24][INFO][seed_manager] - Seed 2255684942 for root/gallery_2407516166SE generated
[2026-03-06 10:42:24][INFO][seed_manager] - Seed 2234440770 for root/gallery_2407516166SW generated
[2026-03-06 10:42:24][INFO][seed_manager] - Seed 1093011622 for root/gallery_2407516166E generated
[2026-03-06 10:42:24][INFO][seed_manager] - Seed 2560038598 for root/gallery_2407516166NW generated
[2026-03-06 10:42:24][INFO][seed_manager] - Seed 2581420098 for root/gallery_2407516166NE generated
[2026-03-06 10:42:24][INFO][seed_manager] - Seed 472153986 for root/gallery_type_140475194 generated
[2026-03-06 10:42:24][INFO][seed_manager] - Seed 472153986 for root/gallery_type_140475194 generated
[2026-03-06 10:42:24][INFO][seed_manager] - Seed 2712512578 for root/gallery_66861319 generated
[2026-03-06 10:42:24][INFO][seed_manager] - Seed 976582306 for root/gallery_66861319_entr generated
[2026-03-06 10:42:24][INFO][seed_manager] - Seed 3215617926 for root/gallery_66861319NE generated
[2026-03-06 10:42:24][INFO][seed_manager] - Seed 2874742022 for root/gallery_66861319SW generated
[2026-03-06 10:42:24][INFO][seed_manager] - Seed 3203446146 for root/gallery_66861319NW generated
[2026-03-06 10:42:24][INFO][seed_manager] - Seed 1419893602 for root/gallery_66861319E generated
[2026-03-06 10:42:24][INFO][seed_manager] - Seed 3021429762 for root/gallery_66861319SE generated
[2026-03-06 10:42:24][INFO][seed_manager] - Seed 1448948610 for root/gallery_type_301572517 generated
[2026-03-06 10:42:24][INFO][seed_manager] - Seed 1448948610 for root/gallery_type_301572517 generated
[2026-03-06 10:42:24][INFO][seed_manager] - Seed 2788464830 for root/gallery_1642192914 generated
[2026-03-06 10:42:24][INFO][seed_manager] - Seed 3003866926 for root/gallery_1642192914_entr generated
[2026-03-06 10:42:24][INFO][seed_manager] - Seed 2372964678 for root/gallery_1642192914NE generated
[2026-03-06 10:42:24][INFO][seed_manager] - Seed 3728480494 for root/gallery_1642192914W generated
[2026-03-06 10:42:24][INFO][seed_manager] - Seed 3707359714 for root/gallery_1642192914E generated
[2026-03-06 10:42:24][INFO][seed_manager] - Seed 2352896962 for root/gallery_1642192914NW generated
[2026-03-06 10:42:24][INFO][seed_manager] - Seed 321965318 for root/gallery_type_301572484 generated
[2026-03-06 10:42:24][INFO][seed_manager] - Seed 321965318 for root/gallery_type_301572484 generated
[2026-03-06 10:42:24][INFO][seed_manager] - Seed 2559852702 for root/gallery_3982847761 generated
[2026-03-06 10:42:24][INFO][seed_manager] - Seed 2186774830 for root/gallery_3982847761_entr generated
[2026-03-06 10:42:24][INFO][seed_manager] - Seed 322689990 for root/gallery_3982847761NE generated
[2026-03-06 10:42:24][INFO][seed_manager] - Seed 301269698 for root/gallery_3982847761NW generated
[2026-03-06 10:42:24][INFO][seed_manager] - Seed 3015837730 for root/gallery_3982847761E generated
[2026-03-06 10:42:24][INFO][seed_manager] - Seed 941409794 for root/gallery_type_139289174 generated
[2026-03-06 10:42:24][INFO][seed_manager] - Seed 941409794 for root/gallery_type_139289174 generated
[2026-03-06 10:42:24][INFO][seed_manager] - Seed 2354711822 for root/gallery_1462230147 generated
[2026-03-06 10:42:24][INFO][seed_manager] - Seed 4162821246 for root/gallery_1462230147_entr generated
[2026-03-06 10:42:24][INFO][seed_manager] - Seed 3487056734 for root/gallery_1462230147SE generated
[2026-03-06 10:42:24][INFO][seed_manager] - Seed 3844110470 for root/gallery_type_139289207 generated
[2026-03-06 10:42:24][INFO][seed_manager] - Seed 3844110470 for root/gallery_type_139289207 generated
[2026-03-06 10:42:24][INFO][seed_manager] - Seed 1039850882 for root/gallery_3416542596 generated
[2026-03-06 10:42:24][INFO][seed_manager] - Seed 3770459106 for root/gallery_3416542596_entr generated
[2026-03-06 10:42:24][INFO][seed_manager] - Seed 721360322 for root/gallery_3416542596NE generated
[2026-03-06 10:42:24][INFO][seed_manager] - Seed 4263138338 for root/gallery_3416542596W generated
[2026-03-06 10:42:24][INFO][seed_manager] - Seed 401582302 for root/gallery_3416542596SW generated
[2026-03-06 10:42:24][INFO][seed_manager] - Seed 4073349406 for root/gallery_type_139289240 generated
[2026-03-06 10:42:24][INFO][seed_manager] - Seed 4073349406 for root/gallery_type_139289240 generated
[2026-03-06 10:42:24][INFO][seed_manager] - Seed 2650261506 for root/gallery_1075887749 generated
[2026-03-06 10:42:24][INFO][seed_manager] - Seed 670652066 for root/gallery_1075887749_entr generated
[2026-03-06 10:42:24][INFO][seed_manager] - Seed 1627898946 for root/gallery_1075887749SE generated
[2026-03-06 10:42:24][INFO][seed_manager] - Seed 1586248430 for root/gallery_1075887749W generated
[2026-03-06 10:42:24][INFO][seed_manager] - Seed 1598448546 for root/gallery_1075887749E generated
[2026-03-06 10:42:24][INFO][seed_manager] - Seed 4113874434 for root/gallery_type_139289273 generated
[2026-03-06 10:42:24][INFO][seed_manager] - Seed 4113874434 for root/gallery_type_139289273 generated
[2026-03-06 10:42:24][INFO][seed_manager] - Seed 171095814 for root/gallery_3030200198 generated
[2026-03-06 10:42:24][INFO][seed_manager] - Seed 3179257318 for root/gallery_3030200198_entr generated
[2026-03-06 10:42:24][INFO][seed_manager] - Seed 3532756174 for root/gallery_3030200198NW generated
[2026-03-06 10:42:24][INFO][seed_manager] - Seed 1612929922 for root/gallery_type_250348760 generated
[2026-03-06 10:42:24][INFO][seed_manager] - Seed 1612929922 for root/gallery_type_250348760 generated
[2026-03-06 10:42:24][INFO][seed_manager] - Seed 1314042118 for root/gallery_1589140293 generated
[2026-03-06 10:42:24][INFO][seed_manager] - Seed 598264550 for root/gallery_1589140293_entr generated
[2026-03-06 10:42:24][INFO][seed_manager] - Seed 843631814 for root/gallery_1589140293SE generated
[2026-03-06 10:42:24][INFO][seed_manager] - Seed 966990530 for root/gallery_1589140293NE generated
[2026-03-06 10:42:24][INFO][seed_manager] - Seed 954522958 for root/gallery_1589140293NW generated
[2026-03-06 10:42:24][INFO][seed_manager] - Seed 293035682 for root/gallery_1589140293W generated
[2026-03-06 10:42:24][INFO][seed_manager] - Seed 884114882 for root/gallery_1589140293SW generated
[2026-03-06 10:42:24][INFO][seed_manager] - Seed 272209838 for root/gallery_1589140293E generated
[2026-03-06 10:42:24][INFO][seed_manager] - Seed 1595491102 for root/gallery_type_250348727 generated
[2026-03-06 10:42:24][INFO][seed_manager] - Seed 1595491102 for root/gallery_type_250348727 generated
[2026-03-06 10:42:24][INFO][seed_manager] - Seed 4056919426 for root/gallery_3929795140 generated
[2026-03-06 10:42:24][INFO][seed_manager] - Seed 1670624738 for root/gallery_3929795140_entr generated
[2026-03-06 10:42:24][INFO][seed_manager] - Seed 1196068930 for root/gallery_3929795140SE generated
[2026-03-06 10:42:24][INFO][seed_manager] - Seed 936396158 for root/gallery_3929795140E generated
[2026-03-06 10:42:24][INFO][seed_manager] - Seed 2972639710 for root/gallery_3929795140NW generated
[2026-03-06 10:42:24][INFO][seed_manager] - Seed 1166289222 for root/gallery_3929795140SW generated
[2026-03-06 10:42:24][INFO][seed_manager] - Seed 916295202 for root/gallery_3929795140W generated
[2026-03-06 10:42:24][INFO][seed_manager] - Seed 2962532930 for root/gallery_3929795140NE generated
[2026-03-06 10:42:24][INFO][seed_manager] - Seed 469055622 for root/gallery_type_250348694 generated
[2026-03-06 10:42:24][INFO][seed_manager] - Seed 469055622 for root/gallery_type_250348694 generated
[2026-03-06 10:42:24][INFO][seed_manager] - Seed 3927088642 for root/gallery_1975482691 generated
[2026-03-06 10:42:24][INFO][seed_manager] - Seed 4163522978 for root/gallery_1975482691_entr generated
[2026-03-06 10:42:24][INFO][seed_manager] - Seed 4264705602 for root/gallery_1975482691SE generated
[2026-03-06 10:42:24][INFO][seed_manager] - Seed 4282971982 for root/gallery_1975482691SW generated
[2026-03-06 10:42:24][INFO][seed_manager] - Seed 1690043042 for root/gallery_1975482691E generated
[2026-03-06 10:42:24][INFO][seed_manager] - Seed 1811565542 for root/gallery_1975482691W generated
[2026-03-06 10:42:24][INFO][seed_manager] - Seed 2639292718 for root/gallery_type_2350295848 generated
[2026-03-06 10:42:24][INFO][seed_manager] - Seed 2639292718 for root/gallery_type_2350295848 generated
[2026-03-06 10:42:24][INFO][seed_manager] - Seed 392868102 for root/gallery_4134561909 generated
[2026-03-06 10:42:24][INFO][seed_manager] - Seed 4128877158 for root/gallery_4134561909_entr generated
[2026-03-06 10:42:24][INFO][seed_manager] - Seed 455765570 for root/gallery_4134561909SW generated
[2026-03-06 10:42:24][INFO][seed_manager] - Seed 255899086 for root/gallery_4134561909NW generated
[2026-03-06 10:42:24][INFO][seed_manager] - Seed 98871110 for root/gallery_4134561909SE generated
[2026-03-06 10:42:24][INFO][seed_manager] - Seed 144350894 for root/gallery_4134561909E generated
[2026-03-06 10:42:24][INFO][seed_manager] - Seed 2487062946 for root/gallery_type_2350295881 generated
[2026-03-06 10:42:24][INFO][seed_manager] - Seed 2487062946 for root/gallery_type_2350295881 generated
[2026-03-06 10:42:24][INFO][seed_manager] - Seed 434369026 for root/gallery_1793907062 generated
[2026-03-06 10:42:24][INFO][seed_manager] - Seed 2188043426 for root/gallery_1793907062_entr generated
[2026-03-06 10:42:24][INFO][seed_manager] - Seed 1318471362 for root/gallery_1793907062SE generated
[2026-03-06 10:42:24][INFO][seed_manager] - Seed 1305575774 for root/gallery_1793907062SW generated
[2026-03-06 10:42:24][INFO][seed_manager] - Seed 3669390946 for root/gallery_1793907062E generated
[2026-03-06 10:42:24][INFO][seed_manager] - Seed 1903850562 for root/gallery_1793907062NW generated
[2026-03-06 10:42:24][INFO][seed_manager] - Seed 3624681318 for root/gallery_1793907062W generated
[2026-03-06 10:42:24][INFO][seed_manager] - Seed 1461587682 for root/gallery_type_2350295914 generated
[2026-03-06 10:42:24][INFO][seed_manager] - Seed 1461587682 for root/gallery_type_2350295914 generated
[2026-03-06 10:42:24][INFO][seed_manager] - Seed 3818711426 for root/gallery_3748219511 generated
[2026-03-06 10:42:24][INFO][seed_manager] - Seed 4111767074 for root/gallery_3748219511_entr generated
[2026-03-06 10:42:24][INFO][seed_manager] - Seed 3932595526 for root/gallery_3748219511SW generated
[2026-03-06 10:42:24][INFO][seed_manager] - Seed 3912002626 for root/gallery_3748219511SE generated
[2026-03-06 10:42:24][INFO][seed_manager] - Seed 4118167106 for root/gallery_3748219511NE generated
[2026-03-06 10:42:24][INFO][seed_manager] - Seed 1945994094 for root/gallery_3748219511E generated
[2026-03-06 10:42:24][INFO][seed_manager] - Seed 1900493410 for root/gallery_3748219511W generated
[2026-03-06 10:42:24][INFO][seed_manager] - Seed 4138755534 for root/gallery_3748219511NW generated
[2026-03-06 10:42:24][INFO][seed_manager] - Seed 673728814 for root/gallery_type_2350295947 generated
[2026-03-06 10:42:24][INFO][seed_manager] - Seed 673728814 for root/gallery_type_2350295947 generated
[2026-03-06 10:42:24][INFO][seed_manager] - Seed 4294526598 for root/gallery_1407564664 generated
[2026-03-06 10:42:24][INFO][seed_manager] - Seed 2879901414 for root/gallery_1407564664_entr generated
[2026-03-06 10:42:24][INFO][seed_manager] - Seed 4219850274 for root/gallery_1407564664E generated
[2026-03-06 10:42:24][INFO][seed_manager] - Seed 1652444494 for root/gallery_1407564664NE generated
[2026-03-06 10:42:24][INFO][seed_manager] - Seed 2526005826 for root/gallery_1407564664SW generated
[2026-03-06 10:42:24][INFO][seed_manager] - Seed 2113765890 for root/gallery_type_289484153 generated
[2026-03-06 10:42:24][INFO][seed_manager] - Seed 2113765890 for root/gallery_type_289484153 generated
[2026-03-06 10:42:24][INFO][seed_manager] - Seed 4195910014 for root/gallery_2583205094 generated
[2026-03-06 10:42:24][INFO][seed_manager] - Seed 2075424942 for root/gallery_2583205094_entr generated
[2026-03-06 10:42:24][INFO][seed_manager] - Seed 2745922626 for root/gallery_2583205094SW generated
[2026-03-06 10:42:24][INFO][seed_manager] - Seed 1958199582 for root/gallery_type_289484120 generated
[2026-03-06 10:42:24][INFO][seed_manager] - Seed 1958199582 for root/gallery_type_289484120 generated
[2026-03-06 10:42:24][INFO][seed_manager] - Seed 417094950 for root/gallery_628892645 generated
[2026-03-06 10:42:24][INFO][seed_manager] - Seed 1403644038 for root/gallery_628892645_entr generated
[2026-03-06 10:42:24][INFO][seed_manager] - Seed 975757346 for root/gallery_628892645SW generated
[2026-03-06 10:42:24][INFO][seed_manager] - Seed 154625186 for root/gallery_628892645NE generated
[2026-03-06 10:42:24][INFO][seed_manager] - Seed 108191134 for root/gallery_628892645NW generated
[2026-03-06 10:42:24][INFO][seed_manager] - Seed 909323526 for root/gallery_type_289484087 generated
[2026-03-06 10:42:24][INFO][seed_manager] - Seed 909323526 for root/gallery_type_289484087 generated
[2026-03-06 10:42:24][INFO][seed_manager] - Seed 2928906114 for root/gallery_2969547492 generated
[2026-03-06 10:42:24][INFO][seed_manager] - Seed 2967989858 for root/gallery_2969547492_entr generated
[2026-03-06 10:42:24][INFO][seed_manager] - Seed 1497204558 for root/gallery_2969547492NW generated
[2026-03-06 10:42:24][INFO][seed_manager] - Seed 1863114274 for root/gallery_2969547492W generated
[2026-03-06 10:42:24][INFO][seed_manager] - Seed 2793098818 for root/gallery_2969547492NE generated
[2026-03-06 10:42:24][INFO][seed_manager] - Seed 2874206510 for root/gallery_type_2351481769 generated
[2026-03-06 10:42:24][INFO][seed_manager] - Seed 2874206510 for root/gallery_type_2351481769 generated
[2026-03-06 10:42:24][INFO][seed_manager] - Seed 65493506 for root/gallery_1171223030 generated
[2026-03-06 10:42:24][INFO][seed_manager] - Seed 3899989922 for root/gallery_1171223030_entr generated
[2026-03-06 10:42:24][INFO][seed_manager] - Seed 4097694658 for root/gallery_1171223030SE generated
[2026-03-06 10:42:24][INFO][seed_manager] - Seed 4159115982 for root/gallery_1171223030SW generated
[2026-03-06 10:42:24][INFO][seed_manager] - Seed 3923014374 for root/gallery_type_2351481802 generated
[2026-03-06 10:42:24][INFO][seed_manager] - Seed 3923014374 for root/gallery_type_2351481802 generated
[2026-03-06 10:42:24][INFO][seed_manager] - Seed 3217617410 for root/gallery_3125535479 generated
[2026-03-06 10:42:24][INFO][seed_manager] - Seed 2144320674 for root/gallery_3125535479_entr generated
[2026-03-06 10:42:24][INFO][seed_manager] - Seed 2747860830 for root/gallery_3125535479SW generated
[2026-03-06 10:42:24][INFO][seed_manager] - Seed 2894909122 for root/gallery_3125535479SE generated
[2026-03-06 10:42:24][INFO][seed_manager] - Seed 3221153126 for root/gallery_3125535479W generated
[2026-03-06 10:42:24][INFO][seed_manager] - Seed 1356249934 for root/gallery_3125535479NE generated
[2026-03-06 10:42:24][INFO][seed_manager] - Seed 1460730946 for root/gallery_3125535479NW generated
[2026-03-06 10:42:24][INFO][seed_manager] - Seed 3199740514 for root/gallery_3125535479E generated
[2026-03-06 10:42:24][INFO][seed_manager] - Seed 3776843490 for root/gallery_type_2351481835 generated
[2026-03-06 10:42:24][INFO][seed_manager] - Seed 3776843490 for root/gallery_type_2351481835 generated
[2026-03-06 10:42:24][INFO][seed_manager] - Seed 922385262 for root/gallery_784880632 generated
[2026-03-06 10:42:24][INFO][seed_manager] - Seed 1035673246 for root/gallery_784880632_entr generated
[2026-03-06 10:42:24][INFO][seed_manager] - Seed 1744218722 for root/gallery_784880632NE generated
[2026-03-06 10:42:24][INFO][seed_manager] - Seed 3495349638 for root/gallery_784880632E generated
[2026-03-06 10:42:24][INFO][seed_manager] - Seed 1806747138 for root/gallery_type_328619546 generated
[2026-03-06 10:42:24][INFO][seed_manager] - Seed 1806747138 for root/gallery_type_328619546 generated
[2026-03-06 10:42:24][INFO][seed_manager] - Seed 92648066 for root/gallery_3577269895 generated
[2026-03-06 10:42:24][INFO][seed_manager] - Seed 568486946 for root/gallery_3577269895_entr generated
[2026-03-06 10:42:24][INFO][seed_manager] - Seed 1054571974 for root/gallery_3577269895NW generated
[2026-03-06 10:42:24][INFO][seed_manager] - Seed 174137854 for root/gallery_3577269895SW generated
[2026-03-06 10:42:24][INFO][seed_manager] - Seed 2039864614 for root/gallery_3577269895E generated
[2026-03-06 10:42:24][INFO][seed_manager] - Seed 966698178 for root/gallery_3577269895NE generated
[2026-03-06 10:42:24][INFO][seed_manager] - Seed 1660584222 for root/gallery_type_328619513 generated
[2026-03-06 10:42:24][INFO][seed_manager] - Seed 1660584222 for root/gallery_type_328619513 generated
[2026-03-06 10:42:24][INFO][seed_manager] - Seed 2284516622 for root/gallery_1622957446 generated
[2026-03-06 10:42:24][INFO][seed_manager] - Seed 3900335262 for root/gallery_1622957446_entr generated
[2026-03-06 10:42:24][INFO][seed_manager] - Seed 2347475138 for root/gallery_1622957446SW generated
[2026-03-06 10:42:24][INFO][seed_manager] - Seed 2367781374 for root/gallery_1622957446SE generated
[2026-03-06 10:42:24][INFO][seed_manager] - Seed 664758150 for root/gallery_type_328619480 generated
[2026-03-06 10:42:24][INFO][seed_manager] - Seed 664758150 for root/gallery_type_328619480 generated
[2026-03-06 10:42:24][INFO][seed_manager] - Seed 1103393282 for root/gallery_3963612293 generated
[2026-03-06 10:42:24][INFO][seed_manager] - Seed 55592098 for root/gallery_3963612293_entr generated
[2026-03-06 10:42:24][INFO][seed_manager] - Seed 3831307998 for root/gallery_3963612293SW generated
[2026-03-06 10:42:24][INFO][seed_manager] - Seed 1244810470 for root/gallery_3963612293W generated
[2026-03-06 10:42:24][INFO][seed_manager] - Seed 3925038274 for root/gallery_3963612293NW generated
[2026-03-06 10:42:24][INFO][seed_manager] - Seed 4082555118 for root/gallery_type_2352667690 generated
[2026-03-06 10:42:24][INFO][seed_manager] - Seed 4082555118 for root/gallery_type_2352667690 generated
[2026-03-06 10:42:24][INFO][seed_manager] - Seed 3223451454 for root/gallery_2502851447 generated
[2026-03-06 10:42:24][INFO][seed_manager] - Seed 2993175022 for root/gallery_2502851447_entr generated
[2026-03-06 10:42:24][INFO][seed_manager] - Seed 2060476834 for root/gallery_2502851447W generated
[2026-03-06 10:42:24][INFO][seed_manager] - Seed 3525050062 for root/gallery_2502851447SE generated
[2026-03-06 10:42:24][INFO][seed_manager] - Seed 3351236934 for root/gallery_2502851447NW generated
[2026-03-06 10:42:24][INFO][seed_manager] - Seed 3329566914 for root/gallery_2502851447NE generated
[2026-03-06 10:42:24][INFO][seed_manager] - Seed 879931810 for root/gallery_type_2352667723 generated
[2026-03-06 10:42:24][INFO][seed_manager] - Seed 879931810 for root/gallery_type_2352667723 generated
[2026-03-06 10:42:24][INFO][seed_manager] - Seed 77556334 for root/gallery_162196600 generated
[2026-03-06 10:42:24][INFO][seed_manager] - Seed 3097901438 for root/gallery_162196600_entr generated
[2026-03-06 10:42:24][INFO][seed_manager] - Seed 2470023486 for root/gallery_162196600W generated
[2026-03-06 10:42:24][INFO][seed_manager] - Seed 2016853694 for root/gallery_type_367754939 generated
[2026-03-06 10:42:24][INFO][seed_manager] - Seed 2016853694 for root/gallery_type_367754939 generated
[2026-03-06 10:42:24][INFO][seed_manager] - Seed 921523302 for root/gallery_276367400 generated
[2026-03-06 10:42:24][INFO][seed_manager] - Seed 1571973382 for root/gallery_276367400_entr generated
[2026-03-06 10:42:24][INFO][seed_manager] - Seed 859054878 for root/gallery_276367400NE generated
[2026-03-06 10:42:24][INFO][seed_manager] - Seed 1665201282 for root/gallery_type_367754906 generated
[2026-03-06 10:42:24][INFO][seed_manager] - Seed 1665201282 for root/gallery_type_367754906 generated
[2026-03-06 10:42:24][INFO][seed_manager] - Seed 3770796930 for root/gallery_2617022247 generated
[2026-03-06 10:42:24][INFO][seed_manager] - Seed 2039133730 for root/gallery_2617022247_entr generated
[2026-03-06 10:42:24][INFO][seed_manager] - Seed 3385805250 for root/gallery_2617022247SE generated
[2026-03-06 10:42:24][INFO][seed_manager] - Seed 606432518 for root/gallery_type_367754873 generated
[2026-03-06 10:42:24][INFO][seed_manager] - Seed 606432518 for root/gallery_type_367754873 generated
[2026-03-06 10:42:24][INFO][seed_manager] - Seed 1828048222 for root/gallery_662709798 generated
[2026-03-06 10:42:24][INFO][seed_manager] - Seed 2283015054 for root/gallery_662709798_entr generated
[2026-03-06 10:42:24][INFO][seed_manager] - Seed 3215390886 for root/gallery_662709798NW generated
[2026-03-06 10:42:24][INFO][seed_manager] - Seed 3110941282 for root/gallery_662709798NE generated
[2026-03-06 10:42:24][INFO][seed_manager] - Seed 233200262 for root/gallery_662709798E generated
[2026-03-06 10:42:24][INFO][seed_manager] - Seed 2317137506 for root/gallery_662709798SW generated
[2026-03-06 10:42:24][INFO][seed_manager] - Seed 2245725998 for root/gallery_662709798SE generated
[2026-03-06 10:42:24][INFO][seed_manager] - Seed 863630750 for root/gallery_type_2353853611 generated
[2026-03-06 10:42:24][INFO][seed_manager] - Seed 863630750 for root/gallery_type_2353853611 generated
[2026-03-06 10:42:24][INFO][seed_manager] - Seed 3272402946 for root/gallery_3834479864 generated
[2026-03-06 10:42:24][INFO][seed_manager] - Seed 2729381794 for root/gallery_3834479864_entr generated
[2026-03-06 10:42:24][INFO][seed_manager] - Seed 4049906882 for root/gallery_3834479864SE generated
[2026-03-06 10:42:24][INFO][seed_manager] - Seed 1618217326 for root/gallery_3834479864W generated
[2026-03-06 10:42:24][INFO][seed_manager] - Seed 4139447750 for root/gallery_3834479864SW generated
[2026-03-06 10:42:24][INFO][seed_manager] - Seed 2332081730 for root/gallery_3834479864NW generated
[2026-03-06 10:42:24][INFO][seed_manager] - Seed 1639072674 for root/gallery_3834479864E generated
[2026-03-06 10:42:24][INFO][seed_manager] - Seed 2244833606 for root/gallery_3834479864NE generated
[2026-03-06 10:42:28][INFO][seed_manager] - Seed 1041201062 for root/corridor_1564502736 generated
[2026-03-06 10:42:28][INFO][seed_manager] - Seed 1041201062 for root/corridor_1564502736 generated
[2026-03-06 10:42:28][INFO][seed_manager] - Seed 1041201062 for root/corridor_1564502736 generated
[2026-03-06 10:42:28][INFO][seed_manager] - Seed 1041201062 for root/corridor_1564502736 generated
[2026-03-06 10:42:28][INFO][seed_manager] - Seed 4126113254 for root/corridor_4223995408 generated
[2026-03-06 10:42:28][INFO][seed_manager] - Seed 4126113254 for root/corridor_4223995408 generated
[2026-03-06 10:42:28][INFO][world_generator] - Corridor root/corridor_4223995408 between (-3, 0, 1) and (-2, 0, 1) created
[2026-03-06 10:42:28][INFO][seed_manager] - Seed 1725436606 for root/corridor_2564901170 generated
[2026-03-06 10:42:28][INFO][world_generator] - Corridor between (-3, 1) and (-4, 1) will not been created because (-4, 1) not exists
[2026-03-06 10:42:28][INFO][seed_manager] - Seed 3719243426 for root/corridor_2896131186 generated
[2026-03-06 10:42:28][INFO][seed_manager] - Seed 3719243426 for root/corridor_2896131186 generated
[2026-03-06 10:42:28][INFO][seed_manager] - Seed 3310767078 for root/corridor_2892366991 generated
[2026-03-06 10:42:28][INFO][world_generator] - Neighbour gallery (-2, 0, 0) won't connect to (-3, 0, 1)
[2026-03-06 10:42:28][INFO][seed_manager] - Seed 1505607650 for root/corridor_2564901203 generated
[2026-03-06 10:42:28][INFO][world_generator] - Corridor between (-3, 1) and (-4, 2) will not been created because (-4, 2) not exists
[2026-03-06 10:42:28][INFO][seed_manager] - Seed 1724299038 for root/corridor_3896529620 generated
[2026-03-06 10:42:28][INFO][world_generator] - Corridor between (-3, 2) and (-4, 2) will not been created because (-4, 2) not exists
[2026-03-06 10:42:28][INFO][seed_manager] - Seed 123056294 for root/corridor_1260656562 generated
[2026-03-06 10:42:28][INFO][world_generator] - Neighbour gallery (-2, 0, 2) won't connect to (-3, 0, 2)
[2026-03-06 10:42:28][INFO][seed_manager] - Seed 3719243426 for root/corridor_2896131186 generated
[2026-03-06 10:42:28][INFO][seed_manager] - Seed 3719243426 for root/corridor_2896131186 generated
[2026-03-06 10:42:28][INFO][seed_manager] - Seed 2651549922 for root/corridor_3896529653 generated
[2026-03-06 10:42:28][INFO][world_generator] - Corridor between (-3, 2) and (-4, 3) will not been created because (-4, 3) not exists
[2026-03-06 10:42:28][INFO][seed_manager] - Seed 4135765902 for root/corridor_933190774 generated
[2026-03-06 10:42:28][INFO][world_generator] - Corridor between (-3, 3) and (-4, 3) will not been created because (-4, 3) not exists
[2026-03-06 10:42:28][INFO][seed_manager] - Seed 411596514 for root/corridor_1260656595 generated
[2026-03-06 10:42:28][INFO][seed_manager] - Seed 411596514 for root/corridor_1260656595 generated
[2026-03-06 10:42:28][INFO][world_generator] - Corridor root/corridor_1260656595 between (-3, 0, 3) and (-2, 0, 2) created
[2026-03-06 10:42:28][INFO][seed_manager] - Seed 766246558 for root/corridor_4227759636 generated
[2026-03-06 10:42:28][INFO][world_generator] - Neighbour gallery (-3, 0, 2) won't connect to (-3, 0, 3)
[2026-03-06 10:42:28][INFO][seed_manager] - Seed 3856480802 for root/corridor_2592285012 generated
[2026-03-06 10:42:28][INFO][world_generator] - Neighbour gallery (-2, 0, 3) won't connect to (-3, 0, 3)
[2026-03-06 10:42:28][INFO][seed_manager] - Seed 900686338 for root/corridor_933190807 generated
[2026-03-06 10:42:28][INFO][world_generator] - Corridor between (-3, 3) and (-4, 4) will not been created because (-4, 4) not exists
[2026-03-06 10:42:28][INFO][seed_manager] - Seed 3263503022 for root/corridor_3299480987 generated
[2026-03-06 10:42:28][INFO][seed_manager] - Seed 3263503022 for root/corridor_3299480987 generated
[2026-03-06 10:42:28][INFO][world_generator] - Corridor root/corridor_3299480987 between (-2, 0, -1) and (-2, 0, 0) created
[2026-03-06 10:42:28][INFO][seed_manager] - Seed 2753459234 for root/corridor_1775527914 generated
[2026-03-06 10:42:28][INFO][world_generator] - Corridor between (-2, -1) and (-2, -2) will not been created because (-2, -2) not exists
[2026-03-06 10:42:28][INFO][seed_manager] - Seed 1727638946 for root/corridor_1409787625 generated
[2026-03-06 10:42:28][INFO][world_generator] - Neighbour gallery (-1, 0, -2) won't connect to (-2, 0, -1)
[2026-03-06 10:42:28][INFO][seed_manager] - Seed 803400126 for root/corridor_415722824 generated
[2026-03-06 10:42:28][INFO][world_generator] - Neighbour gallery (-1, 0, -1) won't connect to (-2, 0, -1)
[2026-03-06 10:42:28][INFO][seed_manager] - Seed 80011622 for root/corridor_3729840330 generated
[2026-03-06 10:42:28][INFO][world_generator] - Corridor between (-2, -1) and (-3, -1) will not been created because (-3, -1) not exists
[2026-03-06 10:42:28][INFO][seed_manager] - Seed 362261790 for root/corridor_3223596974 generated
[2026-03-06 10:42:28][INFO][world_generator] - Neighbour gallery (-2, 0, 1) won't connect to (-2, 0, 0)
[2026-03-06 10:42:28][INFO][seed_manager] - Seed 4202447726 for root/corridor_2892366958 generated
[2026-03-06 10:42:28][INFO][world_generator] - Neighbour gallery (-3, 0, 0) won't connect to (-2, 0, 0)
[2026-03-06 10:42:28][INFO][seed_manager] - Seed 706310950 for root/corridor_3136210330 generated
[2026-03-06 10:42:28][INFO][world_generator] - Neighbour gallery (-1, 0, -1) won't connect to (-2, 0, 0)
[2026-03-06 10:42:28][INFO][seed_manager] - Seed 3263503022 for root/corridor_3299480987 generated
[2026-03-06 10:42:28][INFO][seed_manager] - Seed 1065300742 for root/corridor_256493900 generated
[2026-03-06 10:42:28][INFO][world_generator] - Neighbour gallery (-1, 0, 0) won't connect to (-2, 0, 0)
[2026-03-06 10:42:28][INFO][seed_manager] - Seed 2333528894 for root/corridor_260258128 generated
[2026-03-06 10:42:28][INFO][seed_manager] - Seed 2333528894 for root/corridor_260258128 generated
[2026-03-06 10:42:28][INFO][world_generator] - Corridor root/corridor_260258128 between (-2, 0, 1) and (-2, 0, 2) created
[2026-03-06 10:42:28][INFO][seed_manager] - Seed 4126113254 for root/corridor_4223995408 generated
[2026-03-06 10:42:28][INFO][seed_manager] - Seed 4265181550 for root/corridor_4223995441 generated
[2026-03-06 10:42:28][INFO][world_generator] - Neighbour gallery (-3, 0, 2) won't connect to (-2, 0, 1)
[2026-03-06 10:42:28][INFO][seed_manager] - Seed 3572789950 for root/corridor_1588122350 generated
[2026-03-06 10:42:28][INFO][seed_manager] - Seed 3572789950 for root/corridor_1588122350 generated
[2026-03-06 10:42:28][INFO][world_generator] - Corridor root/corridor_1588122350 between (-2, 0, 1) and (-1, 0, 1) created
[2026-03-06 10:42:28][INFO][seed_manager] - Seed 98763118 for root/corridor_1591886578 generated
[2026-03-06 10:42:28][INFO][seed_manager] - Seed 98763118 for root/corridor_1591886578 generated
[2026-03-06 10:42:28][INFO][world_generator] - Corridor root/corridor_1591886578 between (-2, 0, 2) and (-2, 0, 3) created
[2026-03-06 10:42:28][INFO][seed_manager] - Seed 411596514 for root/corridor_1260656595 generated
[2026-03-06 10:42:28][INFO][seed_manager] - Seed 1504870370 for root/corridor_2919750800 generated
[2026-03-06 10:42:28][INFO][seed_manager] - Seed 1504870370 for root/corridor_2919750800 generated
[2026-03-06 10:42:28][INFO][world_generator] - Corridor root/corridor_2919750800 between (-2, 0, 2) and (-1, 0, 2) created
[2026-03-06 10:42:28][INFO][seed_manager] - Seed 2333528894 for root/corridor_260258128 generated
[2026-03-06 10:42:28][INFO][seed_manager] - Seed 3552456930 for root/corridor_1588122383 generated
[2026-03-06 10:42:28][INFO][seed_manager] - Seed 3552456930 for root/corridor_1588122383 generated
[2026-03-06 10:42:28][INFO][world_generator] - Corridor root/corridor_1588122383 between (-2, 0, 2) and (-1, 0, 1) created
[2026-03-06 10:42:28][INFO][seed_manager] - Seed 1366832038 for root/corridor_2919750833 generated
[2026-03-06 10:42:28][INFO][world_generator] - Neighbour gallery (-1, 0, 2) won't connect to (-2, 0, 3)
[2026-03-06 10:42:28][INFO][seed_manager] - Seed 3974855022 for root/corridor_2592285045 generated
[2026-03-06 10:42:28][INFO][world_generator] - Corridor between (-2, 3) and (-3, 4) will not been created because (-3, 4) not exists
[2026-03-06 10:42:28][INFO][seed_manager] - Seed 98763118 for root/corridor_1591886578 generated
[2026-03-06 10:42:28][INFO][seed_manager] - Seed 3149187558 for root/corridor_4251379250 generated
[2026-03-06 10:42:28][INFO][world_generator] - Neighbour gallery (-1, 0, 3) won't connect to (-2, 0, 3)
[2026-03-06 10:42:28][INFO][seed_manager] - Seed 2194710114 for root/corridor_2923515028 generated
[2026-03-06 10:42:28][INFO][world_generator] - Corridor between (-2, 3) and (-2, 4) will not been created because (-2, 4) not exists
[2026-03-06 10:42:28][INFO][seed_manager] - Seed 1887830178 for root/corridor_1736513276 generated
[2026-03-06 10:42:28][INFO][seed_manager] - Seed 1887830178 for root/corridor_1736513276 generated
[2026-03-06 10:42:28][INFO][world_generator] - Corridor root/corridor_1736513276 between (-1, 0, -2) and (0, 0, -3) created
[2026-03-06 10:42:28][INFO][seed_manager] - Seed 1874094502 for root/corridor_1409787658 generated
[2026-03-06 10:42:28][INFO][world_generator] - Corridor between (-1, -2) and (-2, -2) will not been created because (-2, -2) not exists
[2026-03-06 10:42:28][INFO][seed_manager] - Seed 367860582 for root/corridor_4106914939 generated
[2026-03-06 10:42:28][INFO][seed_manager] - Seed 367860582 for root/corridor_4106914939 generated
[2026-03-06 10:42:28][INFO][world_generator] - Corridor root/corridor_4106914939 between (-1, 0, -2) and (0, 0, -2) created
[2026-03-06 10:42:28][INFO][seed_manager] - Seed 1108616098 for root/corridor_3750442538 generated
[2026-03-06 10:42:28][INFO][world_generator] - Corridor between (-1, -2) and (-1, -3) will not been created because (-1, -3) not exists
[2026-03-06 10:42:28][INFO][seed_manager] - Seed 1151935490 for root/corridor_404884826 generated
[2026-03-06 10:42:28][INFO][seed_manager] - Seed 1151935490 for root/corridor_404884826 generated
[2026-03-06 10:42:28][INFO][world_generator] - Corridor root/corridor_404884826 between (-1, 0, -1) and (0, 0, -2) created
[2026-03-06 10:42:28][INFO][seed_manager] - Seed 686189602 for root/corridor_2756377704 generated
[2026-03-06 10:42:28][INFO][world_generator] - Neighbour gallery (-1, 0, -2) won't connect to (-1, 0, -1)
[2026-03-06 10:42:28][INFO][seed_manager] - Seed 430580206 for root/corridor_3112850105 generated
[2026-03-06 10:42:28][INFO][seed_manager] - Seed 430580206 for root/corridor_3112850105 generated
[2026-03-06 10:42:28][INFO][world_generator] - Corridor root/corridor_3112850105 between (-1, 0, -1) and (0, 0, -1) created
[2026-03-06 10:42:28][INFO][seed_manager] - Seed 2482215426 for root/corridor_587723916 generated
[2026-03-06 10:42:28][INFO][world_generator] - Neighbour gallery (-1, 0, 1) won't connect to (-1, 0, 0)
[2026-03-06 10:42:28][INFO][seed_manager] - Seed 3471736678 for root/corridor_1597703806 generated
[2026-03-06 10:42:28][INFO][seed_manager] - Seed 3471736678 for root/corridor_1597703806 generated
[2026-03-06 10:42:28][INFO][world_generator] - Corridor root/corridor_1597703806 between (-1, 0, 1) and (0, 0, 0) created
[2026-03-06 10:42:28][INFO][seed_manager] - Seed 3572789950 for root/corridor_1588122350 generated
[2026-03-06 10:42:28][INFO][seed_manager] - Seed 3552456930 for root/corridor_1588122383 generated
[2026-03-06 10:42:28][INFO][seed_manager] - Seed 595590126 for root/corridor_3250980816 generated
[2026-03-06 10:42:28][INFO][seed_manager] - Seed 595590126 for root/corridor_3250980816 generated
[2026-03-06 10:42:28][INFO][world_generator] - Corridor root/corridor_3250980816 between (-1, 0, 2) and (-1, 0, 3) created
[2026-03-06 10:42:28][INFO][seed_manager] - Seed 1504870370 for root/corridor_2919750800 generated
[2026-03-06 10:42:28][INFO][seed_manager] - Seed 447276782 for root/corridor_4260960673 generated
[2026-03-06 10:42:28][INFO][seed_manager] - Seed 447276782 for root/corridor_4260960673 generated
[2026-03-06 10:42:28][INFO][world_generator] - Corridor root/corridor_4260960673 between (-1, 0, 2) and (0, 0, 2) created
[2026-03-06 10:42:28][INFO][seed_manager] - Seed 595590126 for root/corridor_3250980816 generated
[2026-03-06 10:42:28][INFO][seed_manager] - Seed 2267315074 for root/corridor_706111278 generated
[2026-03-06 10:42:28][INFO][seed_manager] - Seed 2267315074 for root/corridor_706111278 generated
[2026-03-06 10:42:28][INFO][world_generator] - Corridor root/corridor_706111278 between (0, 0, -3) and (0, 0, -2) created
[2026-03-06 10:42:28][INFO][seed_manager] - Seed 1119342242 for root/corridor_3992052177 generated
[2026-03-06 10:42:28][INFO][world_generator] - Corridor between (0, -3) and (1, -4) will not been created because (1, -4) not exists
[2026-03-06 10:42:28][INFO][seed_manager] - Seed 3526417442 for root/corridor_2037739728 generated
[2026-03-06 10:42:28][INFO][world_generator] - Corridor between (0, -3) and (0, -4) will not been created because (0, -4) not exists
[2026-03-06 10:42:28][INFO][seed_manager] - Seed 580192382 for root/corridor_806012477 generated
[2026-03-06 10:42:28][INFO][world_generator] - Corridor between (0, -3) and (-1, -3) will not been created because (-1, -3) not exists
[2026-03-06 10:42:28][INFO][seed_manager] - Seed 1887830178 for root/corridor_1736513276 generated
[2026-03-06 10:42:28][INFO][seed_manager] - Seed 1501364454 for root/corridor_3992052144 generated
[2026-03-06 10:42:28][INFO][world_generator] - Neighbour gallery (1, 0, -3) won't connect to (0, 0, -3)
[2026-03-06 10:42:28][INFO][seed_manager] - Seed 889153570 for root/corridor_3669450124 generated
[2026-03-06 10:42:28][INFO][world_generator] - Neighbour gallery (0, 0, -1) won't connect to (0, 0, -2)
[2026-03-06 10:42:28][INFO][seed_manager] - Seed 4073048430 for root/corridor_2660423694 generated
[2026-03-06 10:42:28][INFO][world_generator] - Neighbour gallery (1, 0, -2) won't connect to (0, 0, -2)
[2026-03-06 10:42:28][INFO][seed_manager] - Seed 2267315074 for root/corridor_706111278 generated
[2026-03-06 10:42:28][INFO][seed_manager] - Seed 1151935490 for root/corridor_404884826 generated
[2026-03-06 10:42:28][INFO][seed_manager] - Seed 367860582 for root/corridor_4106914939 generated
[2026-03-06 10:42:28][INFO][seed_manager] - Seed 933322662 for root/corridor_2660423727 generated
[2026-03-06 10:42:28][INFO][seed_manager] - Seed 933322662 for root/corridor_2660423727 generated
[2026-03-06 10:42:28][INFO][seed_manager] - Seed 3277777190 for root/corridor_2830115549 generated
[2026-03-06 10:42:28][INFO][seed_manager] - Seed 3277777190 for root/corridor_2830115549 generated
[2026-03-06 10:42:28][INFO][world_generator] - Corridor root/corridor_2830115549 between (0, 0, -1) and (0, 0, 0) created
[2026-03-06 10:42:28][INFO][seed_manager] - Seed 2405648866 for root/corridor_1820135659 generated
[2026-03-06 10:42:28][INFO][world_generator] - Neighbour gallery (-1, 0, 0) won't connect to (0, 0, -1)
[2026-03-06 10:42:28][INFO][seed_manager] - Seed 2046074274 for root/corridor_1328795244 generated
[2026-03-06 10:42:28][INFO][seed_manager] - Seed 2046074274 for root/corridor_1328795244 generated
[2026-03-06 10:42:28][INFO][seed_manager] - Seed 430580206 for root/corridor_3112850105 generated
[2026-03-06 10:42:28][INFO][seed_manager] - Seed 3471736678 for root/corridor_1597703806 generated
[2026-03-06 10:42:28][INFO][seed_manager] - Seed 3277777190 for root/corridor_2830115549 generated
[2026-03-06 10:42:28][INFO][seed_manager] - Seed 3880764898 for root/corridor_85761200 generated
[2026-03-06 10:42:28][INFO][seed_manager] - Seed 3880764898 for root/corridor_85761200 generated
[2026-03-06 10:42:28][INFO][seed_manager] - Seed 1099865374 for root/corridor_4049498480 generated
[2026-03-06 10:42:28][INFO][world_generator] - Neighbour gallery (1, 0, 0) won't connect to (0, 0, 0)
[2026-03-06 10:42:28][INFO][seed_manager] - Seed 2338244230 for root/corridor_907016754 generated
[2026-03-06 10:42:28][INFO][seed_manager] - Seed 2338244230 for root/corridor_907016754 generated
[2026-03-06 10:42:28][INFO][seed_manager] - Seed 1804927854 for root/corridor_2929332256 generated
[2026-03-06 10:42:28][INFO][world_generator] - Neighbour gallery (-1, 0, 2) won't connect to (0, 0, 1)
[2026-03-06 10:42:28][INFO][seed_manager] - Seed 1154816514 for root/corridor_575786738 generated
[2026-03-06 10:42:28][INFO][seed_manager] - Seed 1154816514 for root/corridor_575786738 generated
[2026-03-06 10:42:28][INFO][world_generator] - Corridor root/corridor_575786738 between (0, 0, 1) and (1, 0, 1) created
[2026-03-06 10:42:28][INFO][seed_manager] - Seed 3880764898 for root/corridor_85761200 generated
[2026-03-06 10:42:28][INFO][seed_manager] - Seed 3880764898 for root/corridor_85761200 generated
[2026-03-06 10:42:28][INFO][seed_manager] - Seed 1917013922 for root/corridor_2929332223 generated
[2026-03-06 10:42:28][INFO][world_generator] - Neighbour gallery (-1, 0, 1) won't connect to (0, 0, 1)
[2026-03-06 10:42:28][INFO][seed_manager] - Seed 3746330658 for root/corridor_4260960706 generated
[2026-03-06 10:42:28][INFO][world_generator] - Neighbour gallery (-1, 0, 3) won't connect to (0, 0, 2)
[2026-03-06 10:42:28][INFO][seed_manager] - Seed 4286597154 for root/corridor_1728272308 generated
[2026-03-06 10:42:28][INFO][world_generator] - Neighbour gallery (0, 0, 3) won't connect to (0, 0, 2)
[2026-03-06 10:42:28][INFO][seed_manager] - Seed 1294729094 for root/corridor_606477395 generated
[2026-03-06 10:42:28][INFO][seed_manager] - Seed 1294729094 for root/corridor_606477395 generated
[2026-03-06 10:42:28][INFO][world_generator] - Corridor root/corridor_606477395 between (0, 0, 2) and (1, 0, 1) created
[2026-03-06 10:42:28][INFO][seed_manager] - Seed 660877478 for root/corridor_1397042292 generated
[2026-03-06 10:42:28][INFO][world_generator] - Neighbour gallery (1, 0, 2) won't connect to (0, 0, 2)
[2026-03-06 10:42:28][INFO][seed_manager] - Seed 447276782 for root/corridor_4260960673 generated
[2026-03-06 10:42:28][INFO][seed_manager] - Seed 2338244230 for root/corridor_907016754 generated
[2026-03-06 10:42:28][INFO][seed_manager] - Seed 2338244230 for root/corridor_907016754 generated
[2026-03-06 10:42:28][INFO][seed_manager] - Seed 1590039650 for root/corridor_2218297846 generated
[2026-03-06 10:42:28][INFO][world_generator] - Corridor between (0, 3) and (1, 3) will not been created because (1, 3) not exists
[2026-03-06 10:42:28][INFO][seed_manager] - Seed 4184657122 for root/corridor_1427732949 generated
[2026-03-06 10:42:28][INFO][world_generator] - Neighbour gallery (1, 0, 2) won't connect to (0, 0, 3)
[2026-03-06 10:42:28][INFO][seed_manager] - Seed 1520863534 for root/corridor_1297621860 generated
[2026-03-06 10:42:28][INFO][world_generator] - Corridor between (0, 3) and (-1, 4) will not been created because (-1, 4) not exists
[2026-03-06 10:42:28][INFO][seed_manager] - Seed 933322662 for root/corridor_2660423727 generated
[2026-03-06 10:42:28][INFO][seed_manager] - Seed 933322662 for root/corridor_2660423727 generated
[2026-03-06 10:42:28][INFO][seed_manager] - Seed 1889748382 for root/corridor_1328795277 generated
[2026-03-06 10:42:28][INFO][world_generator] - Neighbour gallery (0, 0, -1) won't connect to (1, 0, -2)
[2026-03-06 10:42:28][INFO][seed_manager] - Seed 672936930 for root/corridor_3744888721 generated
[2026-03-06 10:42:28][INFO][seed_manager] - Seed 672936930 for root/corridor_3744888721 generated
[2026-03-06 10:42:28][INFO][world_generator] - Corridor root/corridor_3744888721 between (1, 0, -2) and (2, 0, -3) created
[2026-03-06 10:42:28][INFO][seed_manager] - Seed 945454950 for root/corridor_1790576272 generated
[2026-03-06 10:42:28][INFO][world_generator] - Neighbour gallery (1, 0, -3) won't connect to (1, 0, -2)
[2026-03-06 10:42:28][INFO][seed_manager] - Seed 2434151042 for root/corridor_458947822 generated
[2026-03-06 10:42:28][INFO][world_generator] - Neighbour gallery (1, 0, -2) won't connect to (1, 0, -1)
[2026-03-06 10:42:28][INFO][seed_manager] - Seed 2046074274 for root/corridor_1328795244 generated
[2026-03-06 10:42:28][INFO][seed_manager] - Seed 2046074274 for root/corridor_1328795244 generated
[2026-03-06 10:42:28][INFO][seed_manager] - Seed 3483891682 for root/corridor_2413260271 generated
[2026-03-06 10:42:28][INFO][seed_manager] - Seed 3483891682 for root/corridor_2413260271 generated
[2026-03-06 10:42:28][INFO][world_generator] - Corridor root/corridor_2413260271 between (1, 0, -1) and (2, 0, -2) created
[2026-03-06 10:42:28][INFO][seed_manager] - Seed 2628665254 for root/corridor_3748959154 generated
[2026-03-06 10:42:28][INFO][seed_manager] - Seed 2628665254 for root/corridor_3748959154 generated
[2026-03-06 10:42:28][INFO][world_generator] - Corridor root/corridor_3748959154 between (1, 0, 0) and (1, 0, 1) created
[2026-03-06 10:42:28][INFO][seed_manager] - Seed 3185826078 for root/corridor_575786705 generated
[2026-03-06 10:42:28][INFO][world_generator] - Neighbour gallery (0, 0, 1) won't connect to (1, 0, 0)
[2026-03-06 10:42:28][INFO][seed_manager] - Seed 1294729094 for root/corridor_606477395 generated
[2026-03-06 10:42:28][INFO][seed_manager] - Seed 3881075070 for root/corridor_275247412 generated
[2026-03-06 10:42:28][INFO][world_generator] - Neighbour gallery (1, 0, 2) won't connect to (1, 0, 1)
[2026-03-06 10:42:28][INFO][seed_manager] - Seed 1154816514 for root/corridor_575786738 generated
[2026-03-06 10:42:28][INFO][seed_manager] - Seed 1933042158 for root/corridor_4238984659 generated
[2026-03-06 10:42:28][INFO][world_generator] - Neighbour gallery (2, 0, 0) won't connect to (1, 0, 1)
[2026-03-06 10:42:28][INFO][seed_manager] - Seed 2628665254 for root/corridor_3748959154 generated
[2026-03-06 10:42:28][INFO][seed_manager] - Seed 2051610982 for root/corridor_4238984692 generated
[2026-03-06 10:42:28][INFO][seed_manager] - Seed 2051610982 for root/corridor_4238984692 generated
[2026-03-06 10:42:28][INFO][seed_manager] - Seed 16722278 for root/corridor_4269675349 generated
[2026-03-06 10:42:28][INFO][world_generator] - Neighbour gallery (2, 0, 1) won't connect to (1, 0, 2)
[2026-03-06 10:42:28][INFO][seed_manager] - Seed 3876332686 for root/corridor_765272950 generated
[2026-03-06 10:42:28][INFO][world_generator] - Corridor between (1, 2) and (2, 2) will not been created because (2, 2) not exists
[2026-03-06 10:42:28][INFO][seed_manager] - Seed 1541825894 for root/corridor_4206669716 generated
[2026-03-06 10:42:28][INFO][world_generator] - Corridor between (2, -3) and (2, -4) will not been created because (2, -4) not exists
[2026-03-06 10:42:28][INFO][seed_manager] - Seed 672936930 for root/corridor_3744888721 generated
[2026-03-06 10:42:28][INFO][seed_manager] - Seed 2747017198 for root/corridor_1866014836 generated
[2026-03-06 10:42:28][INFO][world_generator] - Neighbour gallery (3, 0, -3) won't connect to (2, 0, -3)
[2026-03-06 10:42:28][INFO][seed_manager] - Seed 2834463650 for root/corridor_1866014869 generated
[2026-03-06 10:42:28][INFO][world_generator] - Corridor between (2, -3) and (3, -4) will not been created because (3, -4) not exists
[2026-03-06 10:42:28][INFO][seed_manager] - Seed 3483891682 for root/corridor_2413260271 generated
[2026-03-06 10:42:28][INFO][seed_manager] - Seed 150118142 for root/corridor_1543412816 generated
[2026-03-06 10:42:28][INFO][seed_manager] - Seed 150118142 for root/corridor_1543412816 generated
[2026-03-06 10:42:28][INFO][world_generator] - Corridor root/corridor_1543412816 between (2, 0, -2) and (2, 0, -1) created
[2026-03-06 10:42:28][INFO][seed_manager] - Seed 4020946146 for root/corridor_1115908896 generated
[2026-03-06 10:42:28][INFO][world_generator] - Neighbour gallery (1, 0, 0) won't connect to (2, 0, -1)
[2026-03-06 10:42:28][INFO][seed_manager] - Seed 3599363942 for root/corridor_2413260238 generated
[2026-03-06 10:42:28][INFO][world_generator] - Neighbour gallery (1, 0, -1) won't connect to (2, 0, -1)
[2026-03-06 10:42:28][INFO][seed_manager] - Seed 150118142 for root/corridor_1543412816 generated
[2026-03-06 10:42:28][INFO][seed_manager] - Seed 4169607074 for root/corridor_3417729138 generated
[2026-03-06 10:42:28][INFO][world_generator] - Neighbour gallery (1, 0, 0) won't connect to (2, 0, 0)
[2026-03-06 10:42:28][INFO][seed_manager] - Seed 1564369314 for root/corridor_3117189812 generated
[2026-03-06 10:42:28][INFO][world_generator] - Neighbour gallery (2, 0, 1) won't connect to (2, 0, 0)
[2026-03-06 10:42:28][INFO][seed_manager] - Seed 3897423458 for root/corridor_4083011937 generated
[2026-03-06 10:42:28][INFO][world_generator] - Neighbour gallery (2, 0, -1) won't connect to (2, 0, 0)
[2026-03-06 10:42:28][INFO][seed_manager] - Seed 2751322470 for root/corridor_1742357090 generated
[2026-03-06 10:42:28][INFO][seed_manager] - Seed 2751322470 for root/corridor_1742357090 generated
[2026-03-06 10:42:28][INFO][world_generator] - Corridor root/corridor_1742357090 between (2, 0, 0) and (3, 0, -1) created
[2026-03-06 10:42:28][INFO][seed_manager] - Seed 2051610982 for root/corridor_4238984692 generated
[2026-03-06 10:42:28][INFO][seed_manager] - Seed 2051610982 for root/corridor_4238984692 generated
[2026-03-06 10:42:28][INFO][seed_manager] - Seed 2202577314 for root/corridor_2950479863 generated
[2026-03-06 10:42:28][INFO][world_generator] - Corridor between (3, -3) and (4, -4) will not been created because (4, -4) not exists
[2026-03-06 10:42:28][INFO][seed_manager] - Seed 3500276962 for root/corridor_2627877810 generated
[2026-03-06 10:42:28][INFO][seed_manager] - Seed 3500276962 for root/corridor_2627877810 generated
[2026-03-06 10:42:28][INFO][world_generator] - Corridor root/corridor_2627877810 between (3, 0, -2) and (3, 0, -1) created
[2026-03-06 10:42:28][INFO][seed_manager] - Seed 3500276962 for root/corridor_2627877810 generated
[2026-03-06 10:42:28][INFO][seed_manager] - Seed 791899010 for root/corridor_287222963 generated
[2026-03-06 10:42:28][INFO][world_generator] - Corridor between (3, -1) and (4, -2) will not been created because (4, -2) not exists
[2026-03-06 10:42:28][INFO][seed_manager] - Seed 906565630 for root/corridor_287222930 generated
[2026-03-06 10:42:28][INFO][world_generator] - Corridor between (3, -1) and (4, -1) will not been created because (4, -1) not exists
[2026-03-06 10:42:28][INFO][seed_manager] - Seed 2751322470 for root/corridor_1742357090 generated
[2026-03-06 10:42:28][INFO][seed_manager] - Seed 3767641602 for root/corridor_414492835 generated
[2026-03-06 10:42:28][INFO][seed_manager] - Seed 3767641602 for root/corridor_414492835 generated
[2026-03-06 10:42:28][INFO][world_generator] - Corridor root/corridor_414492835 between (3, 0, -1) and (3, 0, 0) created
[2026-03-06 10:42:28][INFO][seed_manager] - Seed 1705900578 for root/corridor_2485420470 generated
[2026-03-06 10:42:28][INFO][world_generator] - Corridor between (3, 0) and (3, 1) will not been created because (3, 1) not exists
[2026-03-06 10:42:28][INFO][seed_manager] - Seed 1990540670 for root/corridor_2785959796 generated
[2026-03-06 10:42:28][INFO][world_generator] - Neighbour gallery (2, 0, 0) won't connect to (3, 0, 0)
[2026-03-06 10:42:28][INFO][seed_manager] - Seed 2687792062 for root/corridor_3607215317 generated
[2026-03-06 10:42:28][INFO][world_generator] - Neighbour gallery (2, 0, 1) won't connect to (3, 0, 0)
[2026-03-06 10:42:28][INFO][seed_manager] - Seed 3767641602 for root/corridor_414492835 generated
[2026-03-06 10:42:28][INFO][seed_manager] - Seed 392802238 for root/corridor_2154190454 generated
[2026-03-06 10:42:28][INFO][world_generator] - Corridor between (3, 0) and (4, 0) will not been created because (4, 0) not exists
[2026-03-06 10:42:28][INFO][seed_manager] - Seed 3669244710 for root/corridor_2368805284 generated
[2026-03-06 10:42:28][INFO][world_generator] - Corridor between (3, 0) and (4, -1) will not been created because (4, -1) not exists
[2026-03-06 10:42:28][INFO][world_navigation] - Checking connection between (-3, 0) and (-3, 1)
[2026-03-06 10:42:28][INFO][world_navigation] - Checking connection between (-3, 0) and (-3, 2)
[2026-03-06 10:42:28][INFO][world_navigation] - Checking connection between (-3, 0) and (-3, 3)
[2026-03-06 10:42:28][INFO][world_navigation] - Checking connection between (-3, 0) and (-2, -1)
[2026-03-06 10:42:28][INFO][world_navigation] - Checking connection between (-3, 0) and (-2, 0)
[2026-03-06 10:42:28][INFO][world_navigation] - Checking connection between (-3, 0) and (-2, 1)
[2026-03-06 10:42:28][INFO][world_navigation] - Checking connection between (-3, 0) and (-2, 2)
[2026-03-06 10:42:28][INFO][world_navigation] - Checking connection between (-3, 0) and (-2, 3)
[2026-03-06 10:42:28][INFO][world_navigation] - Checking connection between (-3, 0) and (-1, -2)
[2026-03-06 10:42:28][INFO][world_navigation] - Checking connection between (-3, 0) and (-1, -1)
[2026-03-06 10:42:28][INFO][world_navigation] - Checking connection between (-3, 0) and (-1, 0)
[2026-03-06 10:42:28][INFO][world_navigation] - Checking connection between (-3, 0) and (-1, 1)
[2026-03-06 10:42:28][INFO][world_navigation] - Checking connection between (-3, 0) and (-1, 2)
[2026-03-06 10:42:28][INFO][world_navigation] - Checking connection between (-3, 0) and (-1, 3)
[2026-03-06 10:42:28][INFO][world_navigation] - Checking connection between (-3, 0) and (0, -3)
[2026-03-06 10:42:28][INFO][world_navigation] - Checking connection between (-3, 0) and (0, -2)
[2026-03-06 10:42:28][INFO][world_navigation] - Checking connection between (-3, 0) and (0, -1)
[2026-03-06 10:42:28][INFO][world_navigation] - Checking connection between (-3, 0) and (0, 0)
[2026-03-06 10:42:28][INFO][world_navigation] - Checking connection between (-3, 0) and (0, 1)
[2026-03-06 10:42:28][INFO][world_navigation] - Checking connection between (-3, 0) and (0, 2)
[2026-03-06 10:42:28][INFO][world_navigation] - Checking connection between (-3, 0) and (0, 3)
[2026-03-06 10:42:28][INFO][world_navigation] - Checking connection between (-3, 0) and (1, -3)
[2026-03-06 10:42:28][INFO][world_navigation] - Checking connection between (-3, 0) and (1, -2)
[2026-03-06 10:42:28][INFO][world_navigation] - Checking connection between (-3, 0) and (1, -1)
[2026-03-06 10:42:28][INFO][world_navigation] - Checking connection between (-3, 0) and (1, 0)
[2026-03-06 10:42:28][INFO][world_navigation] - Checking connection between (-3, 0) and (1, 1)
[2026-03-06 10:42:28][INFO][world_navigation] - Checking connection between (-3, 0) and (1, 2)
[2026-03-06 10:42:28][INFO][world_navigation] - Checking connection between (-3, 0) and (2, -3)
[2026-03-06 10:42:28][INFO][world_navigation] - Checking connection between (-3, 0) and (2, -2)
[2026-03-06 10:42:28][INFO][world_navigation] - Checking connection between (-3, 0) and (2, -1)
[2026-03-06 10:42:28][INFO][world_navigation] - Checking connection between (-3, 0) and (2, 0)
[2026-03-06 10:42:28][INFO][world_navigation] - Checking connection between (-3, 0) and (2, 1)
[2026-03-06 10:42:28][INFO][world_navigation] - Checking connection between (-3, 0) and (3, -3)
[2026-03-06 10:42:28][INFO][world_navigation] - Checking connection between (-3, 0) and (3, -2)
[2026-03-06 10:42:28][INFO][world_navigation] - Checking connection between (-3, 0) and (3, -1)
[2026-03-06 10:42:28][INFO][world_navigation] - Checking connection between (-3, 0) and (3, 0)
[2026-03-06 10:42:28][INFO][world_generator] - Claster generated with 1 rooms. Claster: [(-3, 0)]
[2026-03-06 10:42:28][INFO][world_navigation] - Checking connection between (-3, 1) and (-3, 2)
[2026-03-06 10:42:28][INFO][world_navigation] - Checking connection between (-3, 1) and (-3, 3)
[2026-03-06 10:42:28][INFO][world_navigation] - Checking connection between (-3, 1) and (-2, 0)
[2026-03-06 10:42:28][INFO][world_navigation] - Checking connection between (-3, 1) and (-2, 1)
[2026-03-06 10:42:28][INFO][world_navigation] - Checking connection between (-3, 1) and (-2, 3)
[2026-03-06 10:42:28][INFO][world_navigation] - Checking connection between (-3, 1) and (-1, -1)
[2026-03-06 10:42:28][INFO][world_navigation] - Checking connection between (-3, 1) and (-1, 1)
[2026-03-06 10:42:28][INFO][world_navigation] - Checking connection between (-3, 1) and (-1, 3)
[2026-03-06 10:42:28][INFO][world_navigation] - Checking connection between (-3, 1) and (0, -2)
[2026-03-06 10:42:28][INFO][world_navigation] - Checking connection between (-3, 1) and (0, 0)
[2026-03-06 10:42:28][INFO][world_navigation] - Checking connection between (-3, 1) and (0, 2)
[2026-03-06 10:42:28][INFO][world_navigation] - Checking connection between (-3, 1) and (1, -3)
[2026-03-06 10:42:28][INFO][world_navigation] - Checking connection between (-3, 1) and (1, -2)
[2026-03-06 10:42:28][INFO][world_navigation] - Checking connection between (-3, 1) and (1, -1)
[2026-03-06 10:42:28][INFO][world_navigation] - Checking connection between (-3, 1) and (1, 0)
[2026-03-06 10:42:28][INFO][world_navigation] - Checking connection between (-3, 1) and (1, 2)
[2026-03-06 10:42:28][INFO][world_navigation] - Checking connection between (-3, 1) and (2, -3)
[2026-03-06 10:42:28][INFO][world_navigation] - Checking connection between (-3, 1) and (2, -2)
[2026-03-06 10:42:28][INFO][world_navigation] - Checking connection between (-3, 1) and (2, -1)
[2026-03-06 10:42:28][INFO][world_navigation] - Checking connection between (-3, 1) and (2, 0)
[2026-03-06 10:42:28][INFO][world_navigation] - Checking connection between (-3, 1) and (2, 1)
[2026-03-06 10:42:28][INFO][world_navigation] - Checking connection between (-3, 1) and (3, -3)
[2026-03-06 10:42:28][INFO][world_navigation] - Checking connection between (-3, 1) and (3, -2)
[2026-03-06 10:42:28][INFO][world_navigation] - Checking connection between (-3, 1) and (3, -1)
[2026-03-06 10:42:28][INFO][world_navigation] - Checking connection between (-3, 1) and (3, 0)
[2026-03-06 10:42:28][INFO][world_generator] - Claster generated with 11 rooms. Claster: [(-3, 1), (-3, 3), (-2, 1), (-2, 3), (-1, -1), (-1, 1), (-1, 3), (0, -2), (0, 0), (0, 2), (1, 0)]
[2026-03-06 10:42:28][INFO][world_navigation] - Checking connection between (-3, 2) and (-2, -1)
[2026-03-06 10:42:28][INFO][world_navigation] - Checking connection between (-3, 2) and (-2, 0)
[2026-03-06 10:42:28][INFO][world_navigation] - Checking connection between (-3, 2) and (-2, 2)
[2026-03-06 10:42:28][INFO][world_navigation] - Checking connection between (-3, 2) and (-1, -2)
[2026-03-06 10:42:28][INFO][world_navigation] - Checking connection between (-3, 2) and (-1, 0)
[2026-03-06 10:42:28][INFO][world_navigation] - Checking connection between (-3, 2) and (-1, 2)
[2026-03-06 10:42:28][INFO][world_navigation] - Checking connection between (-3, 2) and (0, -3)
[2026-03-06 10:42:28][INFO][world_navigation] - Checking connection between (-3, 2) and (0, -1)
[2026-03-06 10:42:28][INFO][world_navigation] - Checking connection between (-3, 2) and (0, 1)
[2026-03-06 10:42:28][INFO][world_navigation] - Checking connection between (-3, 2) and (0, 3)
[2026-03-06 10:42:28][INFO][world_navigation] - Checking connection between (-3, 2) and (1, -3)
[2026-03-06 10:42:28][INFO][world_navigation] - Checking connection between (-3, 2) and (1, -2)
[2026-03-06 10:42:28][INFO][world_navigation] - Checking connection between (-3, 2) and (1, -1)
[2026-03-06 10:42:28][INFO][world_navigation] - Checking connection between (-3, 2) and (1, 1)
[2026-03-06 10:42:28][INFO][world_navigation] - Checking connection between (-3, 2) and (1, 2)
[2026-03-06 10:42:28][INFO][world_navigation] - Checking connection between (-3, 2) and (2, -3)
[2026-03-06 10:42:28][INFO][world_navigation] - Checking connection between (-3, 2) and (2, -2)
[2026-03-06 10:42:28][INFO][world_navigation] - Checking connection between (-3, 2) and (2, -1)
[2026-03-06 10:42:28][INFO][world_navigation] - Checking connection between (-3, 2) and (2, 0)
[2026-03-06 10:42:28][INFO][world_navigation] - Checking connection between (-3, 2) and (2, 1)
[2026-03-06 10:42:28][INFO][world_navigation] - Checking connection between (-3, 2) and (3, -3)
[2026-03-06 10:42:28][INFO][world_navigation] - Checking connection between (-3, 2) and (3, -2)
[2026-03-06 10:42:28][INFO][world_navigation] - Checking connection between (-3, 2) and (3, -1)
[2026-03-06 10:42:28][INFO][world_navigation] - Checking connection between (-3, 2) and (3, 0)
[2026-03-06 10:42:28][INFO][world_generator] - Claster generated with 1 rooms. Claster: [(-3, 2)]
[2026-03-06 10:42:28][INFO][world_navigation] - Checking connection between (-2, -1) and (-2, 0)
[2026-03-06 10:42:28][INFO][world_navigation] - Checking connection between (-2, -1) and (-1, -2)
[2026-03-06 10:42:28][INFO][world_navigation] - Checking connection between (-2, -1) and (-1, 0)
[2026-03-06 10:42:28][INFO][world_navigation] - Checking connection between (-2, -1) and (-1, 2)
[2026-03-06 10:42:28][INFO][world_navigation] - Checking connection between (-2, -1) and (0, -3)
[2026-03-06 10:42:28][INFO][world_navigation] - Checking connection between (-2, -1) and (0, -1)
[2026-03-06 10:42:28][INFO][world_navigation] - Checking connection between (-2, -1) and (0, 1)
[2026-03-06 10:42:28][INFO][world_navigation] - Checking connection between (-2, -1) and (0, 3)
[2026-03-06 10:42:28][INFO][world_navigation] - Checking connection between (-2, -1) and (1, -3)
[2026-03-06 10:42:28][INFO][world_navigation] - Checking connection between (-2, -1) and (1, -2)
[2026-03-06 10:42:28][INFO][world_navigation] - Checking connection between (-2, -1) and (1, -1)
[2026-03-06 10:42:28][INFO][world_navigation] - Checking connection between (-2, -1) and (1, 1)
[2026-03-06 10:42:28][INFO][world_navigation] - Checking connection between (-2, -1) and (1, 2)
[2026-03-06 10:42:28][INFO][world_navigation] - Checking connection between (-2, -1) and (2, -3)
[2026-03-06 10:42:28][INFO][world_navigation] - Checking connection between (-2, -1) and (2, -2)
[2026-03-06 10:42:28][INFO][world_navigation] - Checking connection between (-2, -1) and (2, -1)
[2026-03-06 10:42:28][INFO][world_navigation] - Checking connection between (-2, -1) and (2, 0)
[2026-03-06 10:42:28][INFO][world_navigation] - Checking connection between (-2, -1) and (2, 1)
[2026-03-06 10:42:28][INFO][world_navigation] - Checking connection between (-2, -1) and (3, -3)
[2026-03-06 10:42:28][INFO][world_navigation] - Checking connection between (-2, -1) and (3, -2)
[2026-03-06 10:42:28][INFO][world_navigation] - Checking connection between (-2, -1) and (3, -1)
[2026-03-06 10:42:28][INFO][world_navigation] - Checking connection between (-2, -1) and (3, 0)
[2026-03-06 10:42:28][INFO][world_generator] - Claster generated with 2 rooms. Claster: [(-2, -1), (-2, 0)]
[2026-03-06 10:42:28][INFO][world_navigation] - Checking connection between (-2, 2) and (-1, -2)
[2026-03-06 10:42:28][INFO][world_navigation] - Checking connection between (-2, 2) and (-1, 2)
[2026-03-06 10:42:28][INFO][world_navigation] - Checking connection between (-2, 2) and (0, -1)
[2026-03-06 10:42:28][INFO][world_navigation] - Checking connection between (-2, 2) and (0, 3)
[2026-03-06 10:42:28][INFO][world_navigation] - Checking connection between (-2, 2) and (1, -3)
[2026-03-06 10:42:28][INFO][world_navigation] - Checking connection between (-2, 2) and (1, -2)
[2026-03-06 10:42:28][INFO][world_navigation] - Checking connection between (-2, 2) and (1, -1)
[2026-03-06 10:42:28][INFO][world_navigation] - Checking connection between (-2, 2) and (1, 1)
[2026-03-06 10:42:28][INFO][world_navigation] - Checking connection between (-2, 2) and (2, -3)
[2026-03-06 10:42:28][INFO][world_navigation] - Checking connection between (-2, 2) and (2, -2)
[2026-03-06 10:42:28][INFO][world_navigation] - Checking connection between (-2, 2) and (2, -1)
[2026-03-06 10:42:28][INFO][world_navigation] - Checking connection between (-2, 2) and (2, 0)
[2026-03-06 10:42:28][INFO][world_navigation] - Checking connection between (-2, 2) and (2, 1)
[2026-03-06 10:42:28][INFO][world_navigation] - Checking connection between (-2, 2) and (3, -3)
[2026-03-06 10:42:28][INFO][world_navigation] - Checking connection between (-2, 2) and (3, -2)
[2026-03-06 10:42:28][INFO][world_navigation] - Checking connection between (-2, 2) and (3, -1)
[2026-03-06 10:42:28][INFO][world_navigation] - Checking connection between (-2, 2) and (3, 0)
[2026-03-06 10:42:28][INFO][world_generator] - Claster generated with 5 rooms. Claster: [(-2, 2), (-1, -2), (-1, 2), (0, -1), (1, 1)]
[2026-03-06 10:42:28][INFO][world_navigation] - Checking connection between (-1, 0) and (0, -3)
[2026-03-06 10:42:28][INFO][world_navigation] - Checking connection between (-1, 0) and (0, 1)
[2026-03-06 10:42:28][INFO][world_navigation] - Checking connection between (-1, 0) and (0, 3)
[2026-03-06 10:42:28][INFO][world_navigation] - Checking connection between (-1, 0) and (1, -3)
[2026-03-06 10:42:28][INFO][world_navigation] - Checking connection between (-1, 0) and (1, -2)
[2026-03-06 10:42:28][INFO][world_navigation] - Checking connection between (-1, 0) and (1, -1)
[2026-03-06 10:42:28][INFO][world_navigation] - Checking connection between (-1, 0) and (1, 2)
[2026-03-06 10:42:28][INFO][world_navigation] - Checking connection between (-1, 0) and (2, -3)
[2026-03-06 10:42:28][INFO][world_navigation] - Checking connection between (-1, 0) and (2, -2)
[2026-03-06 10:42:28][INFO][world_navigation] - Checking connection between (-1, 0) and (2, -1)
[2026-03-06 10:42:28][INFO][world_navigation] - Checking connection between (-1, 0) and (2, 0)
[2026-03-06 10:42:28][INFO][world_navigation] - Checking connection between (-1, 0) and (2, 1)
[2026-03-06 10:42:28][INFO][world_navigation] - Checking connection between (-1, 0) and (3, -3)
[2026-03-06 10:42:28][INFO][world_navigation] - Checking connection between (-1, 0) and (3, -2)
[2026-03-06 10:42:28][INFO][world_navigation] - Checking connection between (-1, 0) and (3, -1)
[2026-03-06 10:42:28][INFO][world_navigation] - Checking connection between (-1, 0) and (3, 0)
[2026-03-06 10:42:28][INFO][world_generator] - Claster generated with 1 rooms. Claster: [(-1, 0)]
[2026-03-06 10:42:28][INFO][world_navigation] - Checking connection between (0, -3) and (0, 1)
[2026-03-06 10:42:28][INFO][world_navigation] - Checking connection between (0, -3) and (1, -3)
[2026-03-06 10:42:28][INFO][world_navigation] - Checking connection between (0, -3) and (1, -2)
[2026-03-06 10:42:28][INFO][world_navigation] - Checking connection between (0, -3) and (1, -1)
[2026-03-06 10:42:28][INFO][world_navigation] - Checking connection between (0, -3) and (1, 2)
[2026-03-06 10:42:28][INFO][world_navigation] - Checking connection between (0, -3) and (2, -3)
[2026-03-06 10:42:28][INFO][world_navigation] - Checking connection between (0, -3) and (2, -2)
[2026-03-06 10:42:28][INFO][world_navigation] - Checking connection between (0, -3) and (2, -1)
[2026-03-06 10:42:28][INFO][world_navigation] - Checking connection between (0, -3) and (2, 0)
[2026-03-06 10:42:28][INFO][world_navigation] - Checking connection between (0, -3) and (2, 1)
[2026-03-06 10:42:28][INFO][world_navigation] - Checking connection between (0, -3) and (3, -3)
[2026-03-06 10:42:28][INFO][world_navigation] - Checking connection between (0, -3) and (3, -2)
[2026-03-06 10:42:28][INFO][world_navigation] - Checking connection between (0, -3) and (3, -1)
[2026-03-06 10:42:28][INFO][world_navigation] - Checking connection between (0, -3) and (3, 0)
[2026-03-06 10:42:28][INFO][world_generator] - Claster generated with 2 rooms. Claster: [(0, -3), (0, 1)]
[2026-03-06 10:42:28][INFO][world_navigation] - Checking connection between (0, 3) and (1, -3)
[2026-03-06 10:42:28][INFO][world_navigation] - Checking connection between (0, 3) and (1, -2)
[2026-03-06 10:42:28][INFO][world_navigation] - Checking connection between (0, 3) and (1, -1)
[2026-03-06 10:42:28][INFO][world_navigation] - Checking connection between (0, 3) and (1, 2)
[2026-03-06 10:42:28][INFO][world_navigation] - Checking connection between (0, 3) and (2, -3)
[2026-03-06 10:42:28][INFO][world_navigation] - Checking connection between (0, 3) and (2, -2)
[2026-03-06 10:42:28][INFO][world_navigation] - Checking connection between (0, 3) and (2, -1)
[2026-03-06 10:42:28][INFO][world_navigation] - Checking connection between (0, 3) and (2, 0)
[2026-03-06 10:42:28][INFO][world_navigation] - Checking connection between (0, 3) and (2, 1)
[2026-03-06 10:42:28][INFO][world_navigation] - Checking connection between (0, 3) and (3, -3)
[2026-03-06 10:42:28][INFO][world_navigation] - Checking connection between (0, 3) and (3, -2)
[2026-03-06 10:42:28][INFO][world_navigation] - Checking connection between (0, 3) and (3, -1)
[2026-03-06 10:42:28][INFO][world_navigation] - Checking connection between (0, 3) and (3, 0)
[2026-03-06 10:42:28][INFO][world_generator] - Claster generated with 1 rooms. Claster: [(0, 3)]
[2026-03-06 10:42:28][INFO][world_navigation] - Checking connection between (1, -3) and (1, -2)
[2026-03-06 10:42:28][INFO][world_navigation] - Checking connection between (1, -3) and (1, -1)
[2026-03-06 10:42:28][INFO][world_navigation] - Checking connection between (1, -3) and (1, 2)
[2026-03-06 10:42:28][INFO][world_navigation] - Checking connection between (1, -3) and (2, -3)
[2026-03-06 10:42:28][INFO][world_navigation] - Checking connection between (1, -3) and (2, -2)
[2026-03-06 10:42:28][INFO][world_navigation] - Checking connection between (1, -3) and (2, -1)
[2026-03-06 10:42:28][INFO][world_navigation] - Checking connection between (1, -3) and (2, 0)
[2026-03-06 10:42:28][INFO][world_navigation] - Checking connection between (1, -3) and (2, 1)
[2026-03-06 10:42:28][INFO][world_navigation] - Checking connection between (1, -3) and (3, -3)
[2026-03-06 10:42:28][INFO][world_navigation] - Checking connection between (1, -3) and (3, -2)
[2026-03-06 10:42:28][INFO][world_navigation] - Checking connection between (1, -3) and (3, -1)
[2026-03-06 10:42:28][INFO][world_navigation] - Checking connection between (1, -3) and (3, 0)
[2026-03-06 10:42:28][INFO][world_generator] - Claster generated with 1 rooms. Claster: [(1, -3)]
[2026-03-06 10:42:28][INFO][world_navigation] - Checking connection between (1, -2) and (1, -1)
[2026-03-06 10:42:28][INFO][world_navigation] - Checking connection between (1, -2) and (1, 2)
[2026-03-06 10:42:28][INFO][world_navigation] - Checking connection between (1, -2) and (2, -3)
[2026-03-06 10:42:28][INFO][world_navigation] - Checking connection between (1, -2) and (2, -1)
[2026-03-06 10:42:28][INFO][world_navigation] - Checking connection between (1, -2) and (2, 0)
[2026-03-06 10:42:28][INFO][world_navigation] - Checking connection between (1, -2) and (2, 1)
[2026-03-06 10:42:28][INFO][world_navigation] - Checking connection between (1, -2) and (3, -3)
[2026-03-06 10:42:28][INFO][world_navigation] - Checking connection between (1, -2) and (3, -2)
[2026-03-06 10:42:28][INFO][world_navigation] - Checking connection between (1, -2) and (3, -1)
[2026-03-06 10:42:28][INFO][world_navigation] - Checking connection between (1, -2) and (3, 0)
[2026-03-06 10:42:28][INFO][world_generator] - Claster generated with 2 rooms. Claster: [(1, -2), (2, -3)]
[2026-03-06 10:42:28][INFO][world_navigation] - Checking connection between (1, -1) and (1, 2)
[2026-03-06 10:42:28][INFO][world_navigation] - Checking connection between (1, -1) and (2, -2)
[2026-03-06 10:42:28][INFO][world_navigation] - Checking connection between (1, -1) and (2, 0)
[2026-03-06 10:42:28][INFO][world_navigation] - Checking connection between (1, -1) and (2, 1)
[2026-03-06 10:42:28][INFO][world_navigation] - Checking connection between (1, -1) and (3, -3)
[2026-03-06 10:42:28][INFO][world_navigation] - Checking connection between (1, -1) and (3, -2)
[2026-03-06 10:42:28][INFO][world_navigation] - Checking connection between (1, -1) and (3, -1)
[2026-03-06 10:42:28][INFO][world_navigation] - Checking connection between (1, -1) and (3, 0)
[2026-03-06 10:42:28][INFO][world_generator] - Claster generated with 2 rooms. Claster: [(1, -1), (2, -2)]
[2026-03-06 10:42:28][INFO][world_navigation] - Checking connection between (1, 2) and (2, -1)
[2026-03-06 10:42:28][INFO][world_navigation] - Checking connection between (1, 2) and (2, 0)
[2026-03-06 10:42:28][INFO][world_navigation] - Checking connection between (1, 2) and (2, 1)
[2026-03-06 10:42:28][INFO][world_navigation] - Checking connection between (1, 2) and (3, -3)
[2026-03-06 10:42:28][INFO][world_navigation] - Checking connection between (1, 2) and (3, -2)
[2026-03-06 10:42:28][INFO][world_navigation] - Checking connection between (1, 2) and (3, -1)
[2026-03-06 10:42:28][INFO][world_navigation] - Checking connection between (1, 2) and (3, 0)
[2026-03-06 10:42:28][INFO][world_generator] - Claster generated with 1 rooms. Claster: [(1, 2)]
[2026-03-06 10:42:28][INFO][world_navigation] - Checking connection between (2, -1) and (2, 0)
[2026-03-06 10:42:28][INFO][world_navigation] - Checking connection between (2, -1) and (2, 1)
[2026-03-06 10:42:28][INFO][world_navigation] - Checking connection between (2, -1) and (3, -3)
[2026-03-06 10:42:28][INFO][world_navigation] - Checking connection between (2, -1) and (3, -2)
[2026-03-06 10:42:28][INFO][world_navigation] - Checking connection between (2, -1) and (3, -1)
[2026-03-06 10:42:28][INFO][world_navigation] - Checking connection between (2, -1) and (3, 0)
[2026-03-06 10:42:28][INFO][world_generator] - Claster generated with 1 rooms. Claster: [(2, -1)]
[2026-03-06 10:42:28][INFO][world_navigation] - Checking connection between (2, 0) and (2, 1)
[2026-03-06 10:42:28][INFO][world_navigation] - Checking connection between (2, 0) and (3, -3)
[2026-03-06 10:42:28][INFO][world_navigation] - Checking connection between (2, 0) and (3, -2)
[2026-03-06 10:42:28][INFO][world_navigation] - Checking connection between (2, 0) and (3, 0)
[2026-03-06 10:42:28][INFO][world_generator] - Claster generated with 3 rooms. Claster: [(2, 0), (3, -2), (3, 0)]
[2026-03-06 10:42:28][INFO][world_navigation] - Checking connection between (2, 1) and (3, -3)
[2026-03-06 10:42:28][INFO][world_navigation] - Checking connection between (2, 1) and (3, -1)
[2026-03-06 10:42:28][INFO][world_generator] - Claster generated with 1 rooms. Claster: [(2, 1)]
[2026-03-06 10:42:28][INFO][world_navigation] - Checking connection between (3, -3) and (3, -1)
[2026-03-06 10:42:28][INFO][world_generator] - Claster generated with 1 rooms. Claster: [(3, -3)]
[2026-03-06 10:42:28][INFO][world_generator] - Claster generated with 1 rooms. Claster: [(3, -1)]
[2026-03-06 10:42:28][INFO][hexagon_gizmo] - Start gizmo drawing
[2026-03-06 10:42:28][INFO][hexagon_gizmo] - Start gizmo drawing
ERROR: Cannot open file 'res://Configurations/hexagon_config.tres'.
   at: load (scene/resources/resource_format_text.cpp:1389)
   GDScript backtrace (most recent call first):
       [0] _ready (res://Scripts/Components/hexagon_transform.gd:19)
       [1] create_gallery (res://Scripts/Managers/entity_manager.gd:19)
       [2] _generate_world (res://Scripts/Managers/world_generator.gd:159)
       [3] generate_in_range (res://Scripts/Managers/world_generator.gd:29)
       [4] generate_world (res://Scripts/game_session.gd:22)
       [5] start_new_game (res://Scripts/game_master.gd:21)
       [6] _ready (res://Scripts/game_master.gd:7)
ERROR: Failed loading resource: res://Configurations/hexagon_config.tres.
   at: _load (core/io/resource_loader.cpp:345)
   GDScript backtrace (most recent call first):
       [0] _ready (res://Scripts/Components/hexagon_transform.gd:19)
       [1] create_gallery (res://Scripts/Managers/entity_manager.gd:19)
       [2] _generate_world (res://Scripts/Managers/world_generator.gd:159)
       [3] generate_in_range (res://Scripts/Managers/world_generator.gd:29)
       [4] generate_world (res://Scripts/game_session.gd:22)
       [5] start_new_game (res://Scripts/game_master.gd:21)
       [6] _ready (res://Scripts/game_master.gd:7)
SCRIPT ERROR: Invalid access to property or key 'height' on a base object of type 'Nil'.
   at: HexagonTransform._ready (res://Scripts/Components/hexagon_transform.gd:20)
   GDScript backtrace (most recent call first):
       [0] _ready (res://Scripts/Components/hexagon_transform.gd:20)
       [1] create_gallery (res://Scripts/Managers/entity_manager.gd:19)
       [2] _generate_world (res://Scripts/Managers/world_generator.gd:159)
       [3] generate_in_range (res://Scripts/Managers/world_generator.gd:29)
       [4] generate_world (res://Scripts/game_session.gd:22)
       [5] start_new_game (res://Scripts/game_master.gd:21)
       [6] _ready (res://Scripts/game_master.gd:7)
